# batch start 2026-04-07T22:58:36Z forever from n=2 (Ctrl+C to stop)
2026-04-07T22:58:36Z	n=2	ok	m_lines=1	build_s=0.000037	ilp_s=0.021266	opt=1	indices=[0]	total_s=0.021306
2026-04-07T22:58:36Z	n=3	ok	m_lines=3	build_s=0.000091	ilp_s=0.021158	opt=2	indices=[0, 2]	total_s=0.021254
2026-04-07T22:58:36Z	n=4	ok	m_lines=4	build_s=0.000110	ilp_s=0.021654	opt=2	indices=[1, 2]	total_s=0.021767
2026-04-07T22:58:36Z	n=5	ok	m_lines=8	build_s=0.000117	ilp_s=0.026030	opt=2	indices=[1, 7]	total_s=0.026155
2026-04-07T22:58:36Z	n=6	ok	m_lines=13	build_s=0.000126	ilp_s=0.023783	opt=3	indices=[1, 2, 12]	total_s=0.023912
2026-04-07T22:58:37Z	n=7	ok	m_lines=17	build_s=0.000243	ilp_s=0.020143	opt=3	indices=[1, 6, 13]	total_s=0.020392
2026-04-07T22:58:37Z	n=8	ok	m_lines=20	build_s=0.000152	ilp_s=0.022758	opt=3	indices=[0, 5, 6]	total_s=0.022915
2026-04-07T22:58:37Z	n=9	ok	m_lines=25	build_s=0.000411	ilp_s=0.022111	opt=3	indices=[0, 5, 6]	total_s=0.022531
2026-04-07T22:58:37Z	n=10	ok	m_lines=32	build_s=0.000187	ilp_s=0.020765	opt=4	indices=[5, 6, 7, 17]	total_s=0.020955
2026-04-07T22:58:37Z	n=11	ok	m_lines=40	build_s=0.000210	ilp_s=0.025150	opt=4	indices=[1, 9, 10, 20]	total_s=0.025363
2026-04-07T22:58:37Z	n=12	ok	m_lines=48	build_s=0.000243	ilp_s=0.023123	opt=4	indices=[1, 9, 10, 21]	total_s=0.023370
2026-04-07T22:58:37Z	n=13	ok	m_lines=56	build_s=0.000264	ilp_s=0.037379	opt=4	indices=[1, 9, 10, 22]	total_s=0.037646
2026-04-07T22:58:37Z	n=14	ok	m_lines=66	build_s=0.000301	ilp_s=0.022875	opt=4	indices=[1, 11, 12, 25]	total_s=0.023179
2026-04-07T22:58:37Z	n=15	ok	m_lines=74	build_s=0.000428	ilp_s=0.023153	opt=4	indices=[1, 12, 13, 27]	total_s=0.023585
2026-04-07T22:58:37Z	n=16	ok	m_lines=84	build_s=0.000365	ilp_s=0.024359	opt=4	indices=[1, 12, 13, 29]	total_s=0.024728
2026-04-07T22:58:37Z	n=17	ok	m_lines=94	build_s=0.000398	ilp_s=0.024867	opt=5	indices=[1, 12, 13, 29, 72]	total_s=0.025270
2026-04-07T22:58:37Z	n=18	ok	m_lines=105	build_s=0.000510	ilp_s=0.028077	opt=5	indices=[1, 13, 14, 30, 66]	total_s=0.028591
2026-04-07T22:58:37Z	n=19	ok	m_lines=120	build_s=0.000507	ilp_s=0.027147	opt=5	indices=[1, 7, 13, 14, 15]	total_s=0.027659
2026-04-07T22:58:37Z	n=20	ok	m_lines=135	build_s=0.000543	ilp_s=0.045329	opt=5	indices=[1, 7, 13, 14, 15]	total_s=0.045878
2026-04-07T22:58:37Z	n=21	ok	m_lines=148	build_s=0.000559	ilp_s=0.037574	opt=5	indices=[1, 8, 15, 16, 17]	total_s=0.038137
2026-04-07T22:58:37Z	n=22	ok	m_lines=162	build_s=0.000834	ilp_s=0.031158	opt=5	indices=[1, 8, 15, 16, 17]	total_s=0.031998
2026-04-07T22:58:37Z	n=23	ok	m_lines=176	build_s=0.001076	ilp_s=0.031189	opt=5	indices=[1, 8, 15, 16, 17]	total_s=0.032272
2026-04-07T22:58:37Z	n=24	ok	m_lines=191	build_s=0.000743	ilp_s=0.032977	opt=5	indices=[8, 15, 16, 17, 154]	total_s=0.033724
2026-04-07T22:58:37Z	n=25	ok	m_lines=211	build_s=0.001250	ilp_s=0.062538	opt=6	indices=[8, 15, 16, 17, 42, 209]	total_s=0.063799
2026-04-07T22:58:37Z	n=26	ok	m_lines=230	build_s=0.000832	ilp_s=0.034416	opt=6	indices=[15, 16, 17, 18, 226, 229]	total_s=0.035255
2026-04-07T22:58:37Z	n=27	ok	m_lines=247	build_s=0.001018	ilp_s=0.033824	opt=7	indices=[17, 18, 19, 183, 192, 199, 245]	total_s=0.034847
2026-04-07T22:58:37Z	n=28	ok	m_lines=267	build_s=0.001358	ilp_s=0.033645	opt=7	indices=[9, 18, 19, 20, 22, 34, 47]	total_s=0.035009
2026-04-07T22:58:37Z	n=29	ok	m_lines=287	build_s=0.001059	ilp_s=0.039152	opt=7	indices=[19, 20, 21, 22, 23, 276, 281]	total_s=0.040221
2026-04-07T22:58:37Z	n=30	ok	m_lines=306	build_s=0.001017	ilp_s=0.060827	opt=7	indices=[19, 20, 21, 22, 23, 24, 284]	total_s=0.061849
2026-04-07T22:58:37Z	n=31	ok	m_lines=333	build_s=0.001220	ilp_s=0.039524	opt=7	indices=[19, 20, 21, 22, 23, 24, 153]	total_s=0.040749
2026-04-07T22:58:37Z	n=32	ok	m_lines=361	build_s=0.001312	ilp_s=0.038780	opt=8	indices=[19, 20, 21, 22, 23, 24, 25, 360]	total_s=0.040096
2026-04-07T22:58:37Z	n=33	ok	m_lines=385	build_s=0.001466	ilp_s=0.040373	opt=8	indices=[19, 20, 21, 22, 23, 31, 32, 219]	total_s=0.041902
2026-04-07T22:58:37Z	n=34	ok	m_lines=410	build_s=0.001562	ilp_s=0.040055	opt=8	indices=[20, 21, 22, 23, 24, 26, 233, 375]	total_s=0.041622
2026-04-07T22:58:38Z	n=35	ok	m_lines=437	build_s=0.001563	ilp_s=0.058063	opt=9	indices=[20, 21, 22, 23, 24, 33, 39, 79, 401]	total_s=0.059631
2026-04-07T22:58:38Z	n=36	ok	m_lines=462	build_s=0.001558	ilp_s=0.046297	opt=9	indices=[21, 22, 23, 24, 25, 33, 34, 81, 460]	total_s=0.047859
2026-04-07T22:58:38Z	n=37	ok	m_lines=488	build_s=0.001967	ilp_s=0.053731	opt=9	indices=[21, 22, 23, 24, 25, 34, 35, 478, 481]	total_s=0.055703
2026-04-07T22:58:38Z	n=38	ok	m_lines=517	build_s=0.003516	ilp_s=0.067032	opt=9	indices=[21, 22, 23, 24, 25, 35, 40, 41, 460]	total_s=0.070561
2026-04-07T22:58:38Z	n=39	ok	m_lines=545	build_s=0.002234	ilp_s=0.049587	opt=9	indices=[21, 22, 23, 24, 25, 35, 36, 117, 526]	total_s=0.051832
2026-04-07T22:58:38Z	n=40	ok	m_lines=571	build_s=0.003053	ilp_s=0.053242	opt=10	indices=[21, 22, 23, 24, 25, 35, 36, 42, 282, 559]	total_s=0.056303
2026-04-07T22:58:38Z	n=41	ok	m_lines=601	build_s=0.003846	ilp_s=0.060323	opt=10	indices=[21, 22, 23, 24, 25, 36, 42, 202, 218, 561]	total_s=0.064178
2026-04-07T22:58:38Z	n=42	ok	m_lines=633	build_s=0.002195	ilp_s=0.070816	opt=10	indices=[22, 23, 24, 25, 26, 37, 38, 87, 133, 418]	total_s=0.073027
2026-04-07T22:58:38Z	n=43	ok	m_lines=663	build_s=0.003249	ilp_s=0.068846	opt=10	indices=[22, 23, 24, 25, 26, 37, 38, 43, 89, 646]	total_s=0.072119
2026-04-07T22:58:38Z	n=44	ok	m_lines=696	build_s=0.002542	ilp_s=0.089476	opt=11	indices=[23, 24, 25, 26, 27, 38, 39, 40, 41, 45, 648]	total_s=0.092063
2026-04-07T22:58:38Z	n=45	ok	m_lines=730	build_s=0.004582	ilp_s=0.063290	opt=11	indices=[24, 25, 26, 27, 28, 40, 41, 42, 47, 48, 689]	total_s=0.067892
2026-04-07T22:58:38Z	n=46	ok	m_lines=761	build_s=0.002741	ilp_s=0.072659	opt=11	indices=[26, 27, 28, 30, 42, 43, 44, 50, 254, 714, 727]	total_s=0.075406
2026-04-07T22:58:39Z	n=47	ok	m_lines=796	build_s=0.003520	ilp_s=0.271942	opt=12	indices=[26, 27, 28, 30, 42, 44, 49, 50, 51, 85, 650, 701]	total_s=0.275474
2026-04-07T22:58:39Z	n=48	ok	m_lines=836	build_s=0.002801	ilp_s=0.134662	opt=12	indices=[26, 27, 28, 30, 43, 44, 51, 52, 305, 632, 723, 823]	total_s=0.137468
2026-04-07T22:58:39Z	n=49	ok	m_lines=879	build_s=0.002890	ilp_s=0.067874	opt=12	indices=[26, 27, 28, 30, 43, 44, 45, 53, 54, 723, 808, 857]	total_s=0.070769
2026-04-07T22:58:39Z	n=50	ok	m_lines=921	build_s=0.003598	ilp_s=0.079797	opt=12	indices=[28, 29, 30, 32, 47, 54, 55, 56, 166, 209, 900, 903]	total_s=0.083401
2026-04-07T22:58:39Z	n=51	ok	m_lines=962	build_s=0.003312	ilp_s=0.078190	opt=12	indices=[29, 30, 31, 32, 33, 48, 49, 58, 59, 60, 504, 961]	total_s=0.081508
2026-04-07T22:58:39Z	n=52	ok	m_lines=1000	build_s=0.003323	ilp_s=0.290119	opt=13	indices=[29, 30, 31, 33, 49, 58, 59, 60, 201, 220, 727, 851, 870]	total_s=0.293447
2026-04-07T22:58:39Z	n=53	ok	m_lines=1038	build_s=0.005171	ilp_s=0.085991	opt=13	indices=[30, 31, 32, 34, 48, 49, 50, 59, 60, 61, 62, 99, 1037]	total_s=0.091170
2026-04-07T22:58:39Z	n=54	ok	m_lines=1080	build_s=0.003848	ilp_s=0.092732	opt=13	indices=[30, 31, 32, 34, 50, 59, 60, 61, 62, 380, 621, 811, 1077]	total_s=0.096587
2026-04-07T22:58:39Z	n=55	ok	m_lines=1122	build_s=0.003903	ilp_s=0.107159	opt=13	indices=[30, 31, 32, 34, 59, 60, 61, 62, 63, 65, 385, 633, 1116]	total_s=0.111068
2026-04-07T22:58:40Z	n=56	ok	m_lines=1166	build_s=0.005903	ilp_s=0.089332	opt=13	indices=[30, 31, 32, 33, 34, 50, 59, 60, 61, 62, 528, 550, 982]	total_s=0.095248
2026-04-07T22:58:40Z	n=57	ok	m_lines=1210	build_s=0.011278	ilp_s=0.086691	opt=13	indices=[30, 31, 32, 34, 50, 59, 60, 61, 62, 65, 572, 994, 1194]	total_s=0.097976
2026-04-07T22:58:40Z	n=58	ok	m_lines=1253	build_s=0.004242	ilp_s=0.093224	opt=13	indices=[31, 32, 33, 35, 51, 52, 61, 62, 63, 64, 65, 104, 844]	total_s=0.097471
2026-04-07T22:58:40Z	n=59	ok	m_lines=1291	build_s=0.004301	ilp_s=0.104744	opt=13	indices=[31, 32, 33, 35, 53, 62, 63, 64, 65, 66, 241, 917, 1115]	total_s=0.109055
2026-04-07T22:58:40Z	n=60	ok	m_lines=1332	build_s=0.005767	ilp_s=0.157677	opt=14	indices=[31, 32, 33, 35, 62, 63, 64, 65, 66, 67, 471, 928, 936, 1216]	total_s=0.163450
2026-04-07T22:58:40Z	n=61	ok	m_lines=1372	build_s=0.005158	ilp_s=0.127384	opt=14	indices=[33, 34, 35, 37, 64, 65, 66, 67, 68, 195, 316, 317, 433, 1092]	total_s=0.132569
2026-04-07T22:58:40Z	n=62	ok	m_lines=1412	build_s=0.005162	ilp_s=0.114962	opt=14	indices=[33, 34, 35, 37, 66, 67, 68, 69, 197, 198, 199, 428, 1085, 1409]	total_s=0.120132
2026-04-07T22:58:40Z	n=63	ok	m_lines=1464	build_s=0.005287	ilp_s=0.122184	opt=14	indices=[33, 34, 35, 37, 55, 65, 66, 67, 68, 69, 202, 1146, 1345, 1455]	total_s=0.127481
2026-04-07T22:58:41Z	n=64	ok	m_lines=1518	build_s=0.006273	ilp_s=0.127804	opt=14	indices=[33, 34, 35, 37, 66, 67, 68, 69, 70, 204, 206, 445, 760, 1508]	total_s=0.134121
2026-04-07T22:58:41Z	n=65	ok	m_lines=1564	build_s=0.005790	ilp_s=0.108216	opt=14	indices=[35, 36, 37, 39, 58, 68, 69, 70, 71, 72, 209, 973, 1016, 1320]	total_s=0.114036
2026-04-07T22:58:41Z	n=66	ok	m_lines=1610	build_s=0.005470	ilp_s=0.113950	opt=14	indices=[36, 37, 38, 70, 71, 72, 73, 74, 75, 76, 341, 580, 656, 1056]	total_s=0.119426
2026-04-07T22:58:41Z	n=67	ok	m_lines=1669	build_s=0.005712	ilp_s=0.119275	opt=14	indices=[36, 37, 38, 39, 70, 71, 72, 73, 74, 75, 76, 346, 1081, 1138]	total_s=0.124994
2026-04-07T22:58:41Z	n=68	ok	m_lines=1730	build_s=0.007521	ilp_s=0.122730	opt=14	indices=[20, 36, 37, 38, 71, 72, 73, 74, 75, 76, 77, 181, 354, 1109]	total_s=0.130266
2026-04-07T22:58:41Z	n=69	ok	m_lines=1788	build_s=0.006794	ilp_s=0.125190	opt=14	indices=[36, 37, 38, 71, 72, 73, 74, 75, 76, 77, 362, 703, 1073, 1133]	total_s=0.131993
2026-04-07T22:58:41Z	n=70	ok	m_lines=1850	build_s=0.006947	ilp_s=0.115426	opt=14	indices=[37, 38, 39, 72, 73, 74, 75, 76, 77, 78, 371, 720, 1101, 1164]	total_s=0.122391
2026-04-07T22:58:41Z	n=71	ok	m_lines=1906	build_s=0.007079	ilp_s=0.114255	opt=14	indices=[38, 39, 40, 74, 75, 76, 77, 78, 79, 80, 379, 648, 699, 1252]	total_s=0.121358
2026-04-07T22:58:42Z	n=72	ok	m_lines=1964	build_s=0.006721	ilp_s=0.141440	opt=14	indices=[38, 39, 40, 76, 77, 78, 79, 80, 81, 82, 386, 657, 710, 1280]	total_s=0.148174
2026-04-07T22:58:42Z	n=73	ok	m_lines=2022	build_s=0.011392	ilp_s=0.119497	opt=14	indices=[0, 38, 39, 40, 77, 78, 79, 80, 81, 82, 83, 118, 390, 754]	total_s=0.130904
2026-04-07T22:58:42Z	n=74	ok	m_lines=2081	build_s=0.009489	ilp_s=0.122767	opt=14	indices=[38, 39, 40, 77, 78, 79, 80, 81, 82, 83, 392, 672, 765, 1271]	total_s=0.132288
2026-04-07T22:58:42Z	n=75	ok	m_lines=2141	build_s=0.007261	ilp_s=0.131631	opt=14	indices=[21, 38, 39, 40, 42, 77, 78, 79, 80, 81, 82, 83, 118, 396]	total_s=0.138914
2026-04-07T22:58:42Z	n=76	ok	m_lines=2200	build_s=0.007498	ilp_s=0.126876	opt=14	indices=[38, 39, 40, 79, 80, 81, 82, 83, 84, 85, 402, 790, 1236, 1314]	total_s=0.134390
2026-04-07T22:58:42Z	n=77	ok	m_lines=2255	build_s=0.010435	ilp_s=0.130130	opt=14	indices=[38, 39, 40, 80, 81, 82, 83, 84, 85, 86, 406, 797, 1253, 1333]	total_s=0.140595
2026-04-07T22:58:42Z	n=78	ok	m_lines=2317	build_s=0.010318	ilp_s=0.136148	opt=14	indices=[38, 39, 40, 80, 81, 82, 83, 84, 85, 86, 412, 808, 1274, 1355]	total_s=0.146501
2026-04-07T22:58:43Z	n=79	ok	m_lines=2379	build_s=0.009980	ilp_s=0.169166	opt=14	indices=[0, 38, 39, 40, 81, 82, 83, 84, 85, 86, 87, 124, 416, 817]	total_s=0.179195
2026-04-07T22:58:43Z	n=80	ok	m_lines=2442	build_s=0.009347	ilp_s=0.143834	opt=14	indices=[38, 39, 40, 81, 82, 83, 84, 85, 86, 87, 420, 723, 826, 1405]	total_s=0.153197
2026-04-07T22:58:43Z	n=81	ok	m_lines=2505	build_s=0.009350	ilp_s=0.149019	opt=14	indices=[38, 39, 40, 81, 82, 83, 84, 85, 86, 87, 428, 840, 1333, 1418]	total_s=0.158392
2026-04-07T22:58:43Z	n=82	ok	m_lines=2571	build_s=0.009891	ilp_s=0.158992	opt=14	indices=[39, 40, 41, 82, 83, 84, 85, 86, 87, 88, 433, 744, 809, 1523]	total_s=0.168920
2026-04-07T22:58:43Z	n=83	ok	m_lines=2641	build_s=0.011340	ilp_s=0.169605	opt=14	indices=[39, 40, 41, 82, 83, 84, 85, 86, 87, 88, 439, 757, 868, 1484]	total_s=0.180960
2026-04-07T22:58:44Z	n=84	ok	m_lines=2708	build_s=0.011066	ilp_s=0.171512	opt=14	indices=[40, 41, 42, 44, 83, 84, 85, 86, 87, 88, 89, 444, 833, 1407]	total_s=0.182595
2026-04-07T22:58:44Z	n=85	ok	m_lines=2773	build_s=0.012541	ilp_s=0.160496	opt=14	indices=[40, 41, 42, 85, 86, 87, 88, 89, 90, 91, 451, 892, 1429, 1520]	total_s=0.173056
2026-04-07T22:58:44Z	n=86	ok	m_lines=2839	build_s=0.013538	ilp_s=0.173653	opt=14	indices=[40, 41, 42, 86, 87, 88, 89, 90, 91, 92, 458, 905, 1453, 1546]	total_s=0.187207
2026-04-07T22:58:44Z	n=87	ok	m_lines=2903	build_s=0.010787	ilp_s=0.189290	opt=14	indices=[0, 30, 40, 41, 42, 43, 86, 87, 88, 89, 90, 91, 92, 463]	total_s=0.200091
2026-04-07T22:58:44Z	n=88	ok	m_lines=2972	build_s=0.011231	ilp_s=0.250702	opt=14	indices=[40, 41, 42, 86, 87, 88, 89, 90, 91, 92, 466, 930, 1501, 1594]	total_s=0.261954
2026-04-07T22:58:45Z	n=89	ok	m_lines=3037	build_s=0.013727	ilp_s=0.191356	opt=14	indices=[40, 41, 42, 88, 89, 90, 91, 92, 93, 94, 470, 814, 887, 1711]	total_s=0.205104
2026-04-07T22:58:45Z	n=90	ok	m_lines=3109	build_s=0.017389	ilp_s=0.188904	opt=14	indices=[42, 43, 44, 90, 91, 92, 93, 94, 95, 96, 477, 951, 1546, 1643]	total_s=0.206304
2026-04-07T22:58:45Z	n=91	ok	m_lines=3183	build_s=0.012684	ilp_s=0.189213	opt=14	indices=[43, 44, 45, 92, 93, 94, 95, 96, 97, 98, 483, 836, 911, 1770]	total_s=0.201925
2026-04-07T22:58:45Z	n=92	ok	m_lines=3248	build_s=0.011922	ilp_s=0.191034	opt=14	indices=[43, 44, 45, 92, 93, 94, 95, 96, 97, 98, 489, 845, 920, 1789]	total_s=0.202971
2026-04-07T22:58:45Z	n=93	ok	m_lines=3319	build_s=0.013432	ilp_s=0.184957	opt=14	indices=[43, 44, 45, 92, 93, 94, 95, 96, 97, 98, 494, 980, 1603, 1705]	total_s=0.198408
2026-04-07T22:58:46Z	n=94	ok	m_lines=3389	build_s=0.014222	ilp_s=0.199790	opt=14	indices=[43, 44, 45, 93, 94, 95, 96, 97, 98, 99, 499, 989, 1623, 1726]	total_s=0.214039
2026-04-07T22:58:46Z	n=95	ok	m_lines=3463	build_s=0.013313	ilp_s=0.198792	opt=14	indices=[43, 44, 45, 93, 94, 95, 96, 97, 98, 99, 504, 1001, 1644, 1748]	total_s=0.212137
2026-04-07T22:58:46Z	n=96	ok	m_lines=3534	build_s=0.016634	ilp_s=0.325104	opt=14	indices=[43, 44, 45, 94, 95, 96, 97, 98, 99, 100, 509, 880, 960, 1879]	total_s=0.341772
2026-04-07T22:58:46Z	n=97	ok	m_lines=3601	build_s=0.016448	ilp_s=0.204565	opt=14	indices=[43, 44, 45, 95, 96, 97, 98, 99, 100, 101, 513, 886, 966, 1899]	total_s=0.221028
2026-04-07T22:58:47Z	n=98	ok	m_lines=3678	build_s=0.016063	ilp_s=0.274526	opt=14	indices=[43, 44, 45, 95, 96, 97, 98, 99, 100, 101, 522, 1037, 1710, 1819]	total_s=0.290602
2026-04-07T22:58:47Z	n=99	ok	m_lines=3753	build_s=0.019629	ilp_s=0.220243	opt=14	indices=[0, 44, 45, 46, 96, 97, 98, 99, 100, 101, 102, 148, 526, 1046]	total_s=0.239891
2026-04-07T22:58:47Z	n=100	ok	m_lines=3844	build_s=0.021934	ilp_s=0.230638	opt=15	indices=[25, 44, 45, 46, 96, 97, 98, 99, 100, 101, 102, 103, 650, 922, 1948]	total_s=0.252587
2026-04-07T22:58:47Z	n=101	ok	m_lines=3930	build_s=0.021850	ilp_s=0.243560	opt=15	indices=[25, 44, 45, 46, 96, 97, 98, 99, 100, 101, 102, 103, 1076, 1915, 2960]	total_s=0.265420
2026-04-07T22:58:48Z	n=102	ok	m_lines=4017	build_s=0.017011	ilp_s=0.272505	opt=15	indices=[44, 45, 46, 96, 97, 98, 99, 100, 101, 102, 103, 104, 1028, 3500, 3508]	total_s=0.289548
2026-04-07T22:58:48Z	n=103	ok	m_lines=4107	build_s=0.018558	ilp_s=0.258377	opt=15	indices=[0, 44, 45, 46, 96, 97, 98, 99, 100, 101, 102, 103, 104, 668, 2552]	total_s=0.276968
2026-04-07T22:58:48Z	n=104	ok	m_lines=4196	build_s=0.020142	ilp_s=0.250146	opt=15	indices=[25, 44, 45, 46, 96, 97, 98, 99, 100, 101, 102, 103, 104, 1992, 3631]	total_s=0.270322
2026-04-07T22:58:49Z	n=105	ok	m_lines=4290	build_s=0.025718	ilp_s=0.260896	opt=15	indices=[1, 26, 45, 46, 47, 98, 99, 100, 101, 102, 103, 104, 105, 106, 679]	total_s=0.286636
2026-04-07T22:58:49Z	n=106	ok	m_lines=4382	build_s=0.021718	ilp_s=0.265178	opt=15	indices=[45, 46, 47, 100, 101, 102, 103, 104, 105, 106, 107, 108, 2033, 2047, 2664]	total_s=0.286908
2026-04-07T22:58:49Z	n=107	ok	m_lines=4475	build_s=0.020185	ilp_s=0.262448	opt=15	indices=[45, 46, 47, 100, 101, 102, 103, 104, 105, 106, 107, 108, 1080, 3836, 3844]	total_s=0.282668
2026-04-07T22:58:49Z	n=108	ok	m_lines=4567	build_s=0.018725	ilp_s=0.277133	opt=15	indices=[45, 46, 47, 100, 101, 102, 103, 104, 105, 106, 107, 108, 1092, 3900, 3909]	total_s=0.295870
2026-04-07T22:58:50Z	n=109	ok	m_lines=4659	build_s=0.018462	ilp_s=0.299653	opt=15	indices=[26, 45, 46, 47, 100, 101, 102, 103, 104, 105, 106, 107, 108, 2116, 3966]	total_s=0.318144
2026-04-07T22:58:50Z	n=110	ok	m_lines=4757	build_s=0.024680	ilp_s=0.282670	opt=15	indices=[27, 46, 47, 48, 102, 103, 104, 105, 106, 107, 108, 109, 110, 2146, 4037]	total_s=0.307375
2026-04-07T22:58:50Z	n=111	ok	m_lines=4851	build_s=0.022268	ilp_s=0.288212	opt=15	indices=[46, 47, 48, 104, 105, 106, 107, 108, 109, 110, 111, 112, 2150, 2167, 2846]	total_s=0.310513
2026-04-07T22:58:51Z	n=112	ok	m_lines=4949	build_s=0.019983	ilp_s=0.314657	opt=15	indices=[27, 46, 47, 48, 105, 106, 107, 108, 109, 110, 111, 112, 113, 2196, 4168]	total_s=0.334663
2026-04-07T22:58:51Z	n=113	ok	m_lines=5041	build_s=0.031523	ilp_s=0.345118	opt=15	indices=[46, 47, 48, 106, 107, 108, 109, 110, 111, 112, 113, 114, 1144, 4227, 4236]	total_s=0.376671
2026-04-07T22:58:51Z	n=114	ok	m_lines=5140	build_s=0.021564	ilp_s=0.334965	opt=15	indices=[0, 48, 49, 50, 109, 110, 111, 112, 113, 114, 115, 116, 117, 736, 1525]	total_s=0.356551
2026-04-07T22:58:52Z	n=115	ok	m_lines=5237	build_s=0.023165	ilp_s=0.344048	opt=15	indices=[0, 48, 49, 50, 109, 110, 111, 112, 113, 114, 115, 116, 117, 744, 2998]	total_s=0.367230
2026-04-07T22:58:52Z	n=116	ok	m_lines=5334	build_s=0.024092	ilp_s=0.355009	opt=15	indices=[0, 48, 49, 50, 109, 110, 111, 112, 113, 114, 115, 116, 117, 752, 3028]	total_s=0.379137
2026-04-07T22:58:53Z	n=117	ok	m_lines=5429	build_s=0.023076	ilp_s=0.343744	opt=15	indices=[0, 49, 50, 51, 110, 111, 112, 113, 114, 115, 116, 117, 118, 756, 3055]	total_s=0.366859
2026-04-07T22:58:53Z	n=118	ok	m_lines=5532	build_s=0.024057	ilp_s=0.354131	opt=15	indices=[0, 50, 51, 52, 112, 113, 114, 115, 116, 117, 118, 119, 120, 767, 3096]	total_s=0.378224
2026-04-07T22:58:53Z	n=119	ok	m_lines=5639	build_s=0.023889	ilp_s=0.369169	opt=15	indices=[0, 50, 51, 52, 114, 115, 116, 117, 118, 119, 120, 121, 122, 774, 3140]	total_s=0.393076
2026-04-07T22:58:54Z	n=120	ok	m_lines=5745	build_s=0.025083	ilp_s=0.372120	opt=15	indices=[0, 50, 51, 52, 114, 115, 116, 117, 118, 119, 120, 121, 122, 783, 3187]	total_s=0.397266
2026-04-07T22:58:54Z	n=121	ok	m_lines=5846	build_s=0.023705	ilp_s=0.380560	opt=15	indices=[51, 52, 53, 116, 117, 118, 119, 120, 121, 122, 123, 124, 2411, 2435, 3227]	total_s=0.404341
2026-04-07T22:58:55Z	n=122	ok	m_lines=5946	build_s=0.025097	ilp_s=0.398337	opt=15	indices=[0, 51, 52, 53, 116, 117, 118, 119, 120, 121, 122, 123, 124, 801, 3261]	total_s=0.423470
2026-04-07T22:58:55Z	n=123	ok	m_lines=6046	build_s=0.025726	ilp_s=0.391748	opt=15	indices=[0, 51, 52, 53, 117, 118, 119, 120, 121, 122, 123, 124, 125, 806, 3298]	total_s=0.417514
2026-04-07T22:58:55Z	n=124	ok	m_lines=6145	build_s=0.090878	ilp_s=0.418507	opt=15	indices=[0, 51, 52, 53, 118, 119, 120, 121, 122, 123, 124, 125, 126, 810, 3333]	total_s=0.509422
2026-04-07T22:58:56Z	n=125	ok	m_lines=6249	build_s=0.030431	ilp_s=0.407440	opt=15	indices=[0, 51, 52, 53, 118, 119, 120, 121, 122, 123, 124, 125, 126, 818, 3369]	total_s=0.437918
2026-04-07T22:58:56Z	n=126	ok	m_lines=6343	build_s=0.028151	ilp_s=0.429892	opt=15	indices=[0, 51, 52, 53, 118, 119, 120, 121, 122, 123, 124, 125, 126, 821, 3394]	total_s=0.458068
2026-04-07T22:58:57Z	n=127	ok	m_lines=6449	build_s=0.031160	ilp_s=0.393049	opt=15	indices=[0, 51, 52, 53, 118, 119, 120, 121, 122, 123, 124, 125, 126, 1314, 2024]	total_s=0.424224
2026-04-07T22:58:57Z	n=128	ok	m_lines=6563	build_s=0.033256	ilp_s=0.438354	opt=16	indices=[0, 51, 52, 53, 118, 119, 120, 121, 122, 123, 124, 125, 126, 231, 1331, 6031]	total_s=0.471651
2026-04-07T22:58:58Z	n=129	ok	m_lines=6670	build_s=0.030441	ilp_s=0.397450	opt=16	indices=[0, 51, 52, 53, 118, 119, 120, 121, 122, 123, 124, 125, 126, 172, 1341, 2065]	total_s=0.427912
2026-04-07T22:58:58Z	n=130	ok	m_lines=6777	build_s=0.028173	ilp_s=0.441314	opt=17	indices=[51, 52, 53, 118, 119, 120, 121, 122, 123, 124, 125, 126, 2087, 4630, 5857, 5867, 6772]	total_s=0.469536
2026-04-07T22:58:59Z	n=131	ok	m_lines=6882	build_s=0.042444	ilp_s=0.455028	opt=17	indices=[0, 51, 52, 53, 118, 119, 120, 121, 122, 123, 124, 125, 126, 129, 234, 1369, 6276]	total_s=0.497515
2026-04-07T22:58:59Z	n=132	ok	m_lines=6992	build_s=0.033185	ilp_s=0.447234	opt=17	indices=[1, 51, 52, 53, 120, 121, 122, 123, 124, 125, 126, 127, 128, 129, 130, 131, 5470]	total_s=0.480437
2026-04-07T22:59:00Z	n=133	ok	m_lines=7097	build_s=0.039709	ilp_s=0.448567	opt=17	indices=[1, 51, 52, 53, 120, 121, 122, 123, 124, 125, 126, 127, 128, 129, 130, 131, 5529]	total_s=0.488306
2026-04-07T22:59:00Z	n=134	ok	m_lines=7203	build_s=0.028077	ilp_s=0.454856	opt=17	indices=[1, 51, 52, 53, 120, 121, 122, 123, 124, 125, 126, 127, 128, 129, 130, 131, 5588]	total_s=0.482975
2026-04-07T22:59:01Z	n=135	ok	m_lines=7317	build_s=0.030229	ilp_s=0.482196	opt=17	indices=[0, 51, 52, 53, 122, 123, 124, 125, 126, 127, 128, 129, 130, 132, 133, 871, 4369]	total_s=0.512440
2026-04-07T22:59:01Z	n=136	ok	m_lines=7423	build_s=0.029966	ilp_s=0.495824	opt=17	indices=[51, 52, 53, 122, 123, 124, 125, 126, 127, 128, 129, 130, 132, 133, 2769, 2962, 3747]	total_s=0.525829
2026-04-07T22:59:02Z	n=137	ok	m_lines=7542	build_s=0.037553	ilp_s=0.463286	opt=17	indices=[1, 51, 52, 123, 124, 125, 126, 127, 128, 129, 130, 131, 132, 133, 134, 1004, 1756]	total_s=0.500893
2026-04-07T22:59:02Z	n=138	ok	m_lines=7660	build_s=0.041261	ilp_s=0.498368	opt=18	indices=[0, 51, 52, 53, 123, 124, 125, 126, 127, 128, 129, 130, 131, 133, 134, 2416, 3830, 7574]	total_s=0.539644
2026-04-07T22:59:03Z	n=139	ok	m_lines=7786	build_s=0.037030	ilp_s=0.494311	opt=18	indices=[1, 51, 52, 123, 124, 125, 126, 127, 128, 129, 130, 131, 132, 133, 134, 1021, 6627, 7784]	total_s=0.531390
2026-04-07T22:59:03Z	n=140	ok	m_lines=7904	build_s=0.042614	ilp_s=0.516905	opt=19	indices=[0, 51, 52, 53, 123, 124, 125, 126, 127, 128, 129, 130, 131, 133, 134, 247, 1455, 4608, 7379]	total_s=0.559566
2026-04-07T22:59:04Z	n=141	ok	m_lines=8032	build_s=0.034800	ilp_s=0.514721	opt=19	indices=[52, 53, 54, 124, 125, 126, 127, 128, 129, 130, 131, 132, 134, 135, 249, 907, 7934, 8028, 8031]	total_s=0.549550
2026-04-07T22:59:04Z	n=142	ok	m_lines=8156	build_s=0.043593	ilp_s=0.546496	opt=20	indices=[52, 53, 54, 124, 125, 126, 127, 128, 129, 130, 131, 132, 134, 135, 250, 3999, 4706, 7127, 8060, 8153]	total_s=0.590129
2026-04-07T22:59:05Z	n=143	ok	m_lines=8278	build_s=0.037955	ilp_s=0.548180	opt=20	indices=[0, 53, 54, 55, 125, 126, 127, 128, 129, 130, 131, 132, 133, 135, 136, 183, 635, 6085, 8170, 8275]	total_s=0.586186
2026-04-07T22:59:06Z	n=144	ok	m_lines=8400	build_s=0.045634	ilp_s=0.565743	opt=21	indices=[1, 54, 55, 127, 128, 129, 130, 131, 132, 133, 134, 135, 136, 137, 138, 255, 398, 7835, 8368, 8391, 8394]	total_s=0.611431
2026-04-07T22:59:06Z	n=145	ok	m_lines=8515	build_s=0.038198	ilp_s=0.580632	opt=21	indices=[34, 35, 130, 131, 132, 133, 134, 135, 136, 137, 138, 139, 140, 141, 142, 143, 144, 145, 146, 6326, 6338]	total_s=0.618884
2026-04-07T22:59:07Z	n=146	ok	m_lines=8634	build_s=0.044636	ilp_s=0.615170	opt=21	indices=[34, 35, 131, 132, 133, 134, 135, 136, 137, 138, 139, 140, 141, 142, 143, 144, 145, 146, 147, 186, 6404]	total_s=0.659860
2026-04-07T22:59:08Z	n=147	ok	m_lines=8761	build_s=0.040833	ilp_s=0.571020	opt=21	indices=[34, 35, 131, 132, 133, 134, 135, 136, 137, 138, 139, 140, 141, 142, 143, 144, 145, 146, 147, 6457, 8760]	total_s=0.611926
2026-04-07T22:59:08Z	n=148	ok	m_lines=8879	build_s=0.046955	ilp_s=0.582780	opt=21	indices=[34, 35, 132, 133, 134, 135, 136, 137, 138, 139, 140, 141, 142, 143, 144, 145, 146, 147, 148, 6516, 8877]	total_s=0.629770
2026-04-07T22:59:09Z	n=149	ok	m_lines=9000	build_s=0.040789	ilp_s=0.608355	opt=21	indices=[35, 36, 134, 135, 136, 137, 138, 139, 140, 141, 142, 143, 144, 145, 146, 147, 148, 149, 150, 4918, 6594]	total_s=0.649204
2026-04-07T22:59:10Z	n=150	ok	m_lines=9119	build_s=0.048789	ilp_s=0.735448	opt=21	indices=[35, 36, 136, 137, 138, 139, 140, 141, 142, 143, 144, 145, 146, 147, 148, 149, 150, 151, 152, 6640, 9112]	total_s=0.784308
2026-04-07T22:59:10Z	n=151	ok	m_lines=9246	build_s=0.039061	ilp_s=0.647770	opt=22	indices=[1, 60, 61, 136, 137, 138, 139, 140, 141, 142, 143, 144, 145, 146, 147, 149, 150, 151, 152, 153, 3796, 6722]	total_s=0.686859
2026-04-07T22:59:11Z	n=152	ok	m_lines=9371	build_s=0.040742	ilp_s=0.679455	opt=22	indices=[1, 60, 61, 137, 138, 139, 140, 141, 142, 143, 144, 145, 147, 148, 149, 150, 151, 152, 153, 154, 2471, 3201]	total_s=0.720215
2026-04-07T22:59:12Z	n=153	ok	m_lines=9492	build_s=0.054592	ilp_s=0.670861	opt=22	indices=[37, 62, 63, 140, 141, 142, 143, 144, 145, 146, 147, 148, 149, 150, 151, 153, 154, 155, 156, 157, 1524, 6828]	total_s=0.725508
2026-04-07T22:59:13Z	n=154	ok	m_lines=9620	build_s=0.043286	ilp_s=0.682368	opt=22	indices=[1, 63, 64, 143, 144, 145, 146, 147, 148, 149, 150, 151, 152, 153, 154, 155, 156, 157, 158, 159, 160, 6912]	total_s=0.725711
2026-04-07T22:59:13Z	n=155	ok	m_lines=9756	build_s=0.046874	ilp_s=0.690537	opt=22	indices=[1, 63, 64, 143, 144, 145, 146, 147, 148, 149, 150, 151, 152, 153, 154, 156, 157, 158, 159, 160, 3910, 9755]	total_s=0.737429
2026-04-07T22:59:14Z	n=156	ok	m_lines=9890	build_s=0.043752	ilp_s=0.713858	opt=23	indices=[1, 63, 64, 106, 144, 145, 146, 147, 148, 149, 150, 151, 152, 153, 154, 155, 157, 158, 159, 160, 161, 306, 3938]	total_s=0.757657
2026-04-07T22:59:15Z	n=157	ok	m_lines=10019	build_s=0.045444	ilp_s=0.695624	opt=23	indices=[1, 37, 144, 145, 146, 147, 148, 149, 150, 151, 152, 153, 154, 155, 156, 157, 158, 159, 160, 161, 163, 236, 9485]	total_s=0.741117
2026-04-07T22:59:16Z	n=158	ok	m_lines=10162	build_s=0.053849	ilp_s=0.707026	opt=23	indices=[1, 144, 145, 146, 147, 148, 149, 150, 151, 152, 153, 154, 155, 156, 157, 158, 159, 160, 161, 163, 164, 4418, 10156]	total_s=0.760896
2026-04-07T22:59:16Z	n=159	ok	m_lines=10300	build_s=0.044058	ilp_s=0.803064	opt=24	indices=[1, 144, 145, 146, 147, 148, 149, 150, 151, 152, 153, 154, 155, 156, 157, 158, 159, 160, 161, 163, 265, 3978, 7265, 9015]	total_s=0.847177
2026-04-07T22:59:17Z	n=160	ok	m_lines=10434	build_s=0.057530	ilp_s=0.890638	opt=24	indices=[1, 145, 146, 147, 148, 149, 150, 151, 152, 153, 154, 155, 156, 157, 158, 159, 160, 161, 162, 164, 165, 4491, 7901, 10422]	total_s=0.948233
2026-04-07T22:59:18Z	n=161	ok	m_lines=10563	build_s=0.054482	ilp_s=0.951311	opt=24	indices=[1, 110, 146, 147, 148, 149, 150, 151, 152, 153, 154, 155, 156, 157, 158, 159, 160, 161, 162, 163, 165, 166, 9162, 9930]	total_s=1.005819
2026-04-07T22:59:19Z	n=162	ok	m_lines=10694	build_s=0.053470	ilp_s=0.795023	opt=24	indices=[1, 146, 147, 148, 149, 150, 151, 152, 153, 154, 155, 156, 157, 158, 159, 160, 161, 162, 163, 165, 166, 4546, 9231, 10672]	total_s=0.848528
2026-04-07T22:59:20Z	n=163	ok	m_lines=10833	build_s=0.057880	ilp_s=0.858248	opt=24	indices=[1, 63, 146, 147, 148, 149, 150, 151, 152, 153, 154, 155, 156, 157, 158, 159, 160, 161, 162, 163, 166, 211, 469, 7516]	total_s=0.916150
2026-04-07T22:59:21Z	n=164	ok	m_lines=10974	build_s=0.062545	ilp_s=1.107878	opt=25	indices=[1, 111, 147, 148, 149, 150, 151, 152, 153, 154, 155, 156, 157, 158, 159, 160, 161, 162, 163, 164, 166, 167, 213, 1217, 8194]	total_s=1.170455
2026-04-07T22:59:22Z	n=165	ok	m_lines=11120	build_s=0.055177	ilp_s=0.818475	opt=25	indices=[1, 148, 149, 150, 151, 152, 153, 154, 155, 156, 157, 158, 159, 160, 161, 162, 163, 164, 165, 167, 168, 170, 215, 4661, 11098]	total_s=0.873718
2026-04-07T22:59:23Z	n=166	ok	m_lines=11262	build_s=0.058348	ilp_s=0.871923	opt=25	indices=[0, 36, 148, 149, 150, 151, 152, 153, 154, 155, 156, 157, 158, 159, 160, 161, 162, 163, 164, 168, 170, 216, 478, 4697, 7800]	total_s=0.930336
2026-04-07T22:59:25Z	n=167	ok	m_lines=11411	build_s=0.137535	ilp_s=1.430787	opt=25	indices=[0, 36, 148, 149, 150, 151, 152, 153, 154, 155, 156, 157, 158, 159, 160, 161, 162, 163, 164, 168, 170, 217, 480, 6534, 8786]	total_s=1.568390
2026-04-07T22:59:26Z	n=168	ok	m_lines=11550	build_s=0.053718	ilp_s=1.336892	opt=26	indices=[0, 62, 63, 64, 148, 149, 150, 151, 152, 153, 154, 155, 156, 158, 159, 162, 163, 164, 168, 170, 171, 374, 481, 1067, 4761, 6458]	total_s=1.390633
2026-04-07T22:59:27Z	n=169	ok	m_lines=11702	build_s=0.062692	ilp_s=0.851403	opt=26	indices=[0, 62, 63, 64, 148, 149, 150, 151, 152, 153, 154, 155, 156, 158, 162, 164, 170, 181, 182, 183, 184, 186, 481, 3088, 5121, 5256]	total_s=0.914158
2026-04-07T22:59:29Z	n=170	ok	m_lines=11847	build_s=0.100280	ilp_s=1.875932	opt=26	indices=[1, 62, 63, 64, 99, 149, 150, 151, 152, 153, 154, 155, 156, 157, 163, 165, 182, 183, 184, 185, 186, 187, 484, 3636, 3900, 5300]	total_s=1.976285
2026-04-07T22:59:31Z	n=171	ok	m_lines=11997	build_s=0.060776	ilp_s=1.607355	opt=26	indices=[62, 63, 64, 150, 151, 152, 153, 154, 155, 156, 157, 158, 160, 164, 166, 184, 185, 186, 187, 188, 189, 487, 1751, 4315, 9445, 11851]	total_s=1.668188
2026-04-07T22:59:33Z	n=172	ok	m_lines=12138	build_s=0.061945	ilp_s=2.531841	opt=27	indices=[1, 63, 64, 65, 151, 152, 153, 154, 155, 156, 157, 158, 159, 160, 161, 165, 167, 185, 186, 187, 188, 189, 190, 488, 752, 5380, 12137]	total_s=2.593858
2026-04-07T22:59:35Z	n=173	ok	m_lines=12284	build_s=0.070388	ilp_s=1.492284	opt=27	indices=[0, 63, 64, 65, 151, 152, 153, 154, 155, 156, 157, 158, 159, 161, 167, 184, 185, 186, 187, 188, 189, 190, 222, 490, 8310, 9724, 11199]	total_s=1.562743
2026-04-07T22:59:36Z	n=174	ok	m_lines=12435	build_s=0.063682	ilp_s=1.327670	opt=27	indices=[37, 64, 65, 66, 153, 154, 155, 156, 157, 158, 159, 160, 161, 167, 169, 176, 188, 189, 190, 191, 192, 193, 495, 2503, 3687, 4378, 7663]	total_s=1.391415
2026-04-07T22:59:38Z	n=175	ok	m_lines=12578	build_s=0.059363	ilp_s=1.295587	opt=27	indices=[37, 64, 65, 66, 154, 155, 156, 157, 158, 159, 160, 161, 162, 164, 168, 170, 177, 189, 190, 191, 192, 193, 194, 497, 3189, 3708, 5498]	total_s=1.355018
2026-04-07T22:59:39Z	n=176	ok	m_lines=12720	build_s=0.058235	ilp_s=0.971400	opt=27	indices=[0, 64, 65, 66, 154, 155, 156, 157, 158, 159, 160, 161, 162, 164, 168, 170, 177, 188, 189, 190, 191, 192, 193, 194, 499, 1103, 10473]	total_s=1.029661
2026-04-07T22:59:40Z	n=177	ok	m_lines=12875	build_s=0.069278	ilp_s=1.004283	opt=27	indices=[1, 65, 66, 67, 156, 157, 158, 159, 160, 161, 162, 163, 164, 166, 170, 172, 179, 191, 192, 193, 194, 195, 196, 197, 503, 3784, 5564]	total_s=1.073591
2026-04-07T22:59:41Z	n=178	ok	m_lines=13023	build_s=0.066878	ilp_s=0.980438	opt=27	indices=[65, 66, 67, 156, 157, 158, 159, 160, 161, 162, 163, 164, 166, 167, 170, 171, 172, 176, 178, 179, 180, 504, 506, 2931, 4038, 6200, 12597]	total_s=1.047343
2026-04-07T22:59:42Z	n=179	ok	m_lines=13169	build_s=0.083413	ilp_s=1.641803	opt=27	indices=[40, 117, 157, 158, 159, 160, 161, 162, 163, 164, 165, 166, 167, 168, 169, 170, 171, 172, 173, 177, 179, 180, 181, 507, 509, 8705, 10902]	total_s=1.725249
2026-04-07T22:59:44Z	n=180	ok	m_lines=13314	build_s=0.062899	ilp_s=1.726704	opt=27	indices=[0, 66, 67, 68, 159, 160, 161, 162, 163, 164, 165, 166, 167, 168, 169, 170, 173, 174, 175, 179, 181, 182, 183, 510, 512, 2373, 2961]	total_s=1.789637
2026-04-07T22:59:47Z	n=181	ok	m_lines=13468	build_s=0.062332	ilp_s=2.519018	opt=28	indices=[0, 66, 67, 68, 159, 160, 161, 162, 163, 164, 165, 166, 167, 169, 173, 175, 182, 183, 196, 197, 198, 199, 201, 514, 2590, 3293, 5717, 13142]	total_s=2.581377
2026-04-07T22:59:48Z	n=182	ok	m_lines=13622	build_s=0.064299	ilp_s=1.366522	opt=28	indices=[0, 66, 67, 68, 160, 161, 162, 163, 164, 165, 166, 167, 168, 175, 176, 183, 196, 197, 198, 200, 201, 202, 234, 694, 718, 1309, 2998, 10383]	total_s=1.430846
2026-04-07T22:59:50Z	n=183	ok	m_lines=13781	build_s=0.070258	ilp_s=1.161864	opt=28	indices=[1, 68, 69, 70, 162, 163, 164, 165, 166, 167, 168, 169, 170, 176, 178, 185, 199, 200, 201, 202, 203, 204, 205, 524, 3457, 5789, 6378, 10066]	total_s=1.232244
2026-04-07T22:59:53Z	n=184	ok	m_lines=13923	build_s=0.086126	ilp_s=3.897295	opt=29	indices=[0, 69, 70, 71, 164, 165, 166, 167, 168, 169, 170, 171, 172, 174, 178, 180, 187, 188, 202, 203, 205, 207, 526, 527, 1018, 1330, 5822, 13183, 13493]	total_s=3.983506
2026-04-07T22:59:57Z	n=185	ok	m_lines=14074	build_s=0.078100	ilp_s=3.709559	opt=29	indices=[0, 69, 70, 71, 165, 166, 167, 168, 169, 170, 171, 172, 173, 175, 179, 181, 188, 189, 204, 206, 208, 527, 528, 533, 1019, 1855, 3858, 5860, 8849]	total_s=3.787687
2026-04-07T23:00:01Z	n=186	ok	m_lines=14220	build_s=0.078883	ilp_s=3.499638	opt=29	indices=[0, 69, 70, 71, 165, 166, 167, 168, 169, 170, 171, 172, 173, 181, 188, 189, 203, 204, 206, 208, 801, 1330, 1338, 3383, 3474, 5096, 5894, 13829, 14088]	total_s=3.578595
2026-04-07T23:00:03Z	n=187	ok	m_lines=14371	build_s=0.083696	ilp_s=2.435480	opt=29	indices=[69, 70, 71, 166, 167, 168, 169, 170, 171, 172, 173, 174, 176, 180, 182, 189, 190, 205, 206, 207, 208, 209, 210, 532, 5927, 6589, 8965, 13555, 14359]	total_s=2.519243
2026-04-07T23:00:05Z	n=188	ok	m_lines=14535	build_s=0.065914	ilp_s=1.858550	opt=29	indices=[1, 69, 70, 166, 167, 168, 169, 170, 171, 172, 173, 174, 175, 176, 177, 180, 182, 186, 189, 190, 191, 207, 209, 211, 3084, 3509, 4245, 10310, 14321]	total_s=1.924524
2026-04-07T23:00:07Z	n=189	ok	m_lines=14693	build_s=0.070258	ilp_s=1.911405	opt=29	indices=[1, 69, 70, 166, 167, 168, 169, 170, 171, 172, 173, 174, 175, 176, 177, 180, 182, 186, 189, 190, 191, 207, 209, 211, 247, 1033, 2395, 3096, 3526]	total_s=1.981739
2026-04-07T23:00:09Z	n=190	ok	m_lines=14856	build_s=0.073833	ilp_s=1.244074	opt=29	indices=[40, 69, 70, 71, 166, 167, 168, 169, 170, 171, 172, 173, 174, 176, 180, 182, 189, 190, 191, 205, 206, 207, 208, 209, 210, 211, 537, 9330, 11189]	total_s=1.318002
2026-04-07T23:00:10Z	n=191	ok	m_lines=15025	build_s=0.070161	ilp_s=1.244132	opt=29	indices=[0, 70, 71, 72, 167, 168, 169, 170, 171, 172, 173, 174, 175, 183, 190, 191, 192, 206, 207, 208, 209, 210, 211, 212, 1359, 2351, 3138, 9545, 14207]	total_s=1.314379
2026-04-07T23:00:11Z	n=192	ok	m_lines=15191	build_s=0.081005	ilp_s=1.298084	opt=29	indices=[0, 70, 71, 72, 167, 168, 169, 170, 171, 172, 173, 174, 175, 181, 183, 190, 191, 192, 206, 207, 208, 209, 210, 211, 212, 213, 459, 6765, 11993]	total_s=1.379125
2026-04-07T23:00:13Z	n=193	ok	m_lines=15355	build_s=0.078842	ilp_s=1.199196	opt=29	indices=[70, 71, 72, 167, 168, 169, 170, 171, 172, 173, 174, 175, 183, 190, 191, 192, 208, 209, 210, 211, 213, 828, 1372, 1926, 2723, 3096, 6178, 9847, 11328]	total_s=1.278067
2026-04-07T23:00:14Z	n=194	ok	m_lines=15518	build_s=0.085627	ilp_s=1.335069	opt=29	indices=[70, 71, 72, 167, 168, 169, 170, 171, 172, 173, 174, 175, 190, 191, 192, 207, 208, 209, 210, 211, 212, 213, 1379, 2394, 4140, 9922, 10816, 12035, 13232]	total_s=1.420720
2026-04-07T23:00:15Z	n=195	ok	m_lines=15694	build_s=0.088798	ilp_s=1.316573	opt=29	indices=[41, 70, 71, 72, 167, 168, 169, 170, 171, 172, 173, 174, 175, 181, 183, 190, 191, 192, 207, 208, 209, 210, 211, 212, 213, 214, 1046, 4173, 8932]	total_s=1.405397
2026-04-07T23:00:17Z	n=196	ok	m_lines=15856	build_s=0.083420	ilp_s=1.218386	opt=29	indices=[70, 71, 72, 107, 167, 168, 169, 170, 171, 172, 173, 174, 175, 181, 183, 190, 191, 192, 207, 209, 210, 211, 212, 213, 214, 4199, 8113, 9799, 12040]	total_s=1.301836
2026-04-07T23:00:18Z	n=197	ok	m_lines=16030	build_s=0.078097	ilp_s=1.258205	opt=29	indices=[1, 70, 71, 72, 167, 168, 169, 170, 171, 172, 173, 174, 175, 181, 183, 190, 191, 192, 205, 207, 209, 210, 211, 212, 213, 214, 8166, 8542, 9871]	total_s=1.336378
2026-04-07T23:00:19Z	n=198	ok	m_lines=16210	build_s=0.080989	ilp_s=1.225058	opt=30	indices=[70, 71, 72, 167, 168, 169, 170, 171, 172, 173, 174, 175, 181, 183, 190, 191, 192, 205, 207, 209, 210, 211, 212, 213, 214, 1222, 5070, 15327, 16102, 16208]	total_s=1.306127
2026-04-07T23:00:21Z	n=199	ok	m_lines=16384	build_s=0.079420	ilp_s=1.261281	opt=30	indices=[0, 70, 71, 72, 168, 169, 170, 171, 172, 173, 174, 175, 176, 182, 184, 191, 192, 193, 208, 210, 211, 212, 213, 214, 215, 844, 6860, 7103, 11912, 16258]	total_s=1.340768
2026-04-07T23:00:22Z	n=200	ok	m_lines=16560	build_s=0.082785	ilp_s=1.314690	opt=30	indices=[0, 70, 71, 72, 169, 170, 171, 172, 173, 174, 175, 176, 177, 192, 193, 194, 208, 210, 211, 212, 213, 214, 215, 216, 217, 426, 4144, 6105, 8181, 12146]	total_s=1.397552
2026-04-07T23:00:24Z	n=201	ok	m_lines=16729	build_s=0.075115	ilp_s=1.299404	opt=30	indices=[0, 70, 71, 72, 169, 170, 171, 172, 173, 174, 175, 176, 177, 192, 193, 194, 210, 211, 212, 213, 214, 215, 216, 217, 761, 828, 1244, 1702, 12081, 12096]	total_s=1.374558
2026-04-07T23:00:25Z	n=202	ok	m_lines=16899	build_s=0.078027	ilp_s=1.283881	opt=30	indices=[71, 72, 73, 171, 172, 173, 174, 175, 176, 177, 178, 179, 194, 195, 196, 214, 215, 216, 217, 218, 219, 220, 1447, 2187, 8783, 10361, 10534, 11690, 12330, 14038]	total_s=1.362021
2026-04-07T23:00:26Z	n=203	ok	m_lines=17073	build_s=0.078751	ilp_s=1.274775	opt=30	indices=[71, 72, 73, 173, 174, 175, 176, 177, 178, 179, 180, 181, 187, 196, 197, 198, 215, 216, 217, 218, 219, 220, 221, 222, 1260, 3471, 10102, 12261, 12276, 16036]	total_s=1.353605
2026-04-07T23:00:28Z	n=204	ok	m_lines=17249	build_s=0.086173	ilp_s=1.346397	opt=30	indices=[71, 72, 73, 173, 174, 175, 176, 177, 178, 179, 180, 181, 189, 196, 197, 198, 216, 217, 218, 219, 220, 221, 222, 223, 2539, 7338, 10351, 10491, 10689, 12372]	total_s=1.432649
2026-04-07T23:00:29Z	n=205	ok	m_lines=17422	build_s=0.098468	ilp_s=1.225960	opt=30	indices=[71, 72, 73, 109, 173, 174, 175, 176, 177, 178, 179, 180, 181, 196, 197, 198, 216, 217, 218, 219, 220, 221, 222, 223, 2554, 8461, 10253, 10425, 10565, 16162]	total_s=1.324460
2026-04-07T23:00:30Z	n=206	ok	m_lines=17607	build_s=0.097079	ilp_s=1.200408	opt=30	indices=[71, 72, 73, 173, 174, 175, 176, 177, 178, 179, 180, 181, 196, 197, 198, 216, 217, 218, 219, 220, 221, 222, 223, 3547, 7436, 10333, 10506, 10647, 12565, 16314]	total_s=1.297524
2026-04-07T23:00:32Z	n=207	ok	m_lines=17787	build_s=0.098097	ilp_s=1.197821	opt=30	indices=[72, 73, 74, 174, 175, 176, 177, 178, 179, 180, 181, 182, 197, 198, 199, 217, 218, 219, 220, 221, 222, 223, 224, 881, 1486, 7486, 10583, 10929, 16034, 16586]	total_s=1.296007
2026-04-07T23:00:33Z	n=208	ok	m_lines=17974	build_s=0.096983	ilp_s=1.404223	opt=31	indices=[72, 73, 74, 75, 111, 176, 177, 178, 179, 180, 181, 182, 183, 184, 190, 199, 200, 201, 219, 220, 221, 222, 223, 224, 225, 226, 885, 1291, 6988, 10479, 12739]	total_s=1.501236
2026-04-07T23:00:35Z	n=209	ok	m_lines=18158	build_s=0.093247	ilp_s=1.327980	opt=31	indices=[1, 73, 74, 75, 111, 129, 178, 179, 180, 181, 182, 183, 184, 185, 186, 192, 201, 202, 203, 222, 223, 224, 225, 226, 227, 228, 229, 889, 1297, 2275, 13566]	total_s=1.421263
2026-04-07T23:00:36Z	n=210	ok	m_lines=18345	build_s=0.094798	ilp_s=1.247512	opt=31	indices=[1, 74, 75, 76, 130, 179, 180, 181, 182, 183, 184, 185, 186, 187, 202, 203, 204, 222, 224, 225, 226, 227, 228, 229, 230, 231, 893, 896, 1125, 1305, 10635]	total_s=1.342345
2026-04-07T23:00:37Z	n=211	ok	m_lines=18530	build_s=0.090339	ilp_s=1.282714	opt=31	indices=[1, 74, 75, 76, 179, 180, 181, 182, 183, 184, 185, 186, 187, 202, 203, 204, 223, 225, 226, 227, 228, 229, 230, 231, 232, 873, 899, 902, 1312, 7375, 10250]	total_s=1.373100
2026-04-07T23:00:39Z	n=212	ok	m_lines=18711	build_s=0.090092	ilp_s=1.513877	opt=31	indices=[1, 74, 75, 76, 130, 180, 181, 182, 183, 184, 185, 186, 187, 188, 194, 203, 204, 205, 225, 227, 228, 229, 230, 231, 232, 233, 234, 907, 10765, 16754, 18109]	total_s=1.603999
2026-04-07T23:00:40Z	n=213	ok	m_lines=18880	build_s=0.101106	ilp_s=1.455864	opt=32	indices=[1, 76, 77, 78, 182, 183, 184, 185, 186, 187, 188, 189, 190, 205, 206, 207, 230, 231, 232, 233, 234, 235, 236, 237, 239, 502, 605, 912, 1142, 4920, 7745, 16134]	total_s=1.557101
2026-04-07T23:00:42Z	n=214	ok	m_lines=19060	build_s=0.096881	ilp_s=1.483810	opt=32	indices=[1, 77, 78, 79, 132, 183, 184, 185, 186, 187, 188, 189, 190, 191, 206, 207, 208, 231, 232, 233, 234, 235, 236, 237, 238, 240, 1537, 2007, 2406, 3684, 11106, 18908]	total_s=1.580812
2026-04-07T23:00:44Z	n=215	ok	m_lines=19233	build_s=0.094602	ilp_s=1.468212	opt=32	indices=[1, 77, 78, 79, 132, 133, 183, 184, 185, 186, 187, 188, 189, 190, 191, 199, 206, 207, 208, 229, 231, 232, 233, 234, 235, 236, 237, 238, 891, 922, 1337, 11525]	total_s=1.562905
2026-04-07T23:00:45Z	n=216	ok	m_lines=19416	build_s=0.095618	ilp_s=1.539647	opt=32	indices=[1, 78, 79, 80, 133, 184, 185, 186, 187, 188, 189, 190, 191, 192, 207, 208, 209, 230, 232, 233, 234, 235, 236, 237, 238, 239, 1159, 1307, 1344, 7675, 10450, 10555]	total_s=1.635364
2026-04-07T23:00:48Z	n=217	ok	m_lines=19590	build_s=0.110130	ilp_s=2.143840	opt=32	indices=[78, 79, 80, 120, 133, 186, 187, 188, 189, 190, 191, 192, 193, 194, 209, 210, 211, 216, 232, 234, 235, 236, 237, 238, 239, 240, 241, 10606, 11275, 14327, 17425, 18025]	total_s=2.254015
2026-04-07T23:00:49Z	n=218	ok	m_lines=19787	build_s=0.108665	ilp_s=1.608673	opt=33	indices=[1, 78, 79, 80, 185, 186, 187, 188, 189, 190, 191, 192, 193, 194, 200, 209, 210, 211, 216, 234, 235, 236, 237, 238, 239, 240, 241, 1175, 2380, 10538, 19034, 19579, 19786]	total_s=1.717431
2026-04-07T23:00:51Z	n=219	ok	m_lines=19987	build_s=0.099108	ilp_s=1.584189	opt=33	indices=[1, 78, 79, 80, 133, 134, 186, 187, 188, 189, 190, 191, 192, 193, 194, 209, 210, 211, 216, 233, 235, 236, 237, 238, 239, 240, 241, 242, 942, 10626, 11842, 16172, 17732]	total_s=1.683399
2026-04-07T23:00:53Z	n=220	ok	m_lines=20178	build_s=0.098114	ilp_s=1.666917	opt=33	indices=[0, 78, 79, 80, 133, 134, 186, 187, 188, 189, 190, 191, 192, 193, 194, 200, 202, 209, 210, 211, 216, 220, 233, 235, 236, 237, 238, 239, 240, 241, 242, 2237, 7317]	total_s=1.765063
2026-04-07T23:00:54Z	n=221	ok	m_lines=20382	build_s=0.111555	ilp_s=1.596512	opt=34	indices=[78, 79, 80, 133, 186, 187, 188, 189, 190, 191, 192, 193, 194, 209, 210, 211, 216, 220, 233, 235, 236, 237, 238, 239, 240, 241, 242, 1893, 3170, 5143, 16559, 18389, 20300, 20320]	total_s=1.708109
2026-04-07T23:00:56Z	n=222	ok	m_lines=20585	build_s=0.111352	ilp_s=1.747214	opt=34	indices=[0, 78, 79, 80, 186, 187, 188, 189, 190, 191, 192, 193, 194, 209, 210, 211, 231, 236, 237, 238, 239, 240, 241, 242, 244, 274, 954, 1515, 1602, 2094, 4565, 4825, 17808, 20304]	total_s=1.858616
2026-04-07T23:00:58Z	n=223	ok	m_lines=20798	build_s=0.107098	ilp_s=1.649159	opt=35	indices=[0, 78, 79, 80, 186, 187, 188, 189, 190, 191, 192, 193, 194, 202, 209, 210, 211, 231, 236, 237, 238, 239, 240, 241, 242, 244, 250, 275, 961, 1526, 1613, 2109, 4598, 13508, 17536]	total_s=1.756356
2026-04-07T23:01:00Z	n=224	ok	m_lines=21008	build_s=0.092033	ilp_s=1.652584	opt=35	indices=[0, 42, 78, 79, 80, 186, 187, 188, 189, 190, 191, 192, 193, 194, 209, 210, 211, 216, 220, 231, 233, 235, 236, 237, 238, 239, 240, 241, 242, 244, 613, 854, 1401, 7952, 20999]	total_s=1.744716
2026-04-07T23:01:02Z	n=225	ok	m_lines=21221	build_s=0.109498	ilp_s=1.694074	opt=35	indices=[0, 78, 79, 80, 133, 187, 188, 189, 190, 191, 192, 193, 194, 195, 210, 211, 212, 237, 238, 239, 240, 241, 242, 243, 618, 902, 969, 1628, 2132, 2825, 2993, 4647, 15252, 19183, 21206]	total_s=1.803605
2026-04-07T23:01:04Z	n=226	ok	m_lines=21435	build_s=0.105409	ilp_s=2.325038	opt=36	indices=[0, 80, 81, 82, 189, 190, 191, 192, 193, 194, 195, 196, 197, 205, 212, 213, 214, 234, 239, 240, 241, 242, 243, 244, 245, 622, 976, 1551, 1640, 2147, 2845, 4199, 4680, 6519, 15646, 21293]	total_s=2.430548
2026-04-07T23:01:06Z	n=227	ok	m_lines=21648	build_s=0.116939	ilp_s=1.672442	opt=36	indices=[0, 81, 82, 83, 191, 192, 193, 194, 195, 196, 197, 198, 199, 214, 215, 216, 237, 241, 242, 243, 244, 245, 246, 247, 248, 286, 627, 983, 2864, 3105, 4713, 4855, 7773, 10867, 19007, 21482]	total_s=1.789549
2026-04-07T23:01:08Z	n=228	ok	m_lines=21857	build_s=0.118070	ilp_s=1.724327	opt=36	indices=[0, 81, 82, 83, 136, 192, 193, 194, 195, 196, 197, 198, 199, 200, 215, 216, 217, 240, 242, 243, 244, 245, 246, 247, 248, 249, 288, 486, 590, 629, 987, 4736, 9971, 10926, 13162, 15876]	total_s=1.842521
2026-04-07T23:01:11Z	n=229	ok	m_lines=22070	build_s=0.116506	ilp_s=3.578060	opt=37	indices=[0, 81, 82, 83, 191, 193, 194, 195, 196, 197, 198, 199, 200, 201, 216, 217, 218, 240, 244, 245, 246, 247, 248, 249, 250, 251, 290, 512, 633, 993, 1670, 2891, 3137, 4769, 10617, 16647, 21874]	total_s=3.694597
2026-04-07T23:01:14Z	n=230	ok	m_lines=22281	build_s=0.125944	ilp_s=2.750594	opt=37	indices=[1, 81, 82, 83, 136, 194, 195, 196, 197, 198, 199, 200, 201, 202, 210, 217, 218, 219, 224, 243, 245, 246, 247, 248, 249, 250, 251, 252, 291, 292, 639, 1948, 2909, 5186, 6871, 7715, 7802]	total_s=2.876651
2026-04-07T23:01:20Z	n=231	ok	m_lines=22488	build_s=0.205228	ilp_s=5.854928	opt=37	indices=[0, 83, 84, 85, 197, 198, 199, 200, 201, 202, 203, 204, 205, 220, 221, 222, 233, 245, 250, 251, 252, 253, 254, 255, 256, 258, 648, 1604, 1696, 2212, 2931, 4827, 5098, 9602, 15235, 18428, 19718]	total_s=6.060192
2026-04-07T23:01:30Z	n=232	ok	m_lines=22686	build_s=0.128412	ilp_s=9.809477	opt=38	indices=[0, 77, 83, 84, 85, 197, 198, 199, 200, 201, 202, 203, 204, 205, 220, 221, 222, 232, 233, 245, 250, 251, 252, 253, 254, 255, 256, 649, 1012, 1700, 2219, 2943, 4849, 5120, 5768, 16327, 16995, 22684]	total_s=9.937991
2026-04-07T23:01:38Z	n=233	ok	m_lines=22894	build_s=0.117779	ilp_s=7.811893	opt=38	indices=[0, 83, 84, 85, 138, 197, 198, 199, 200, 201, 202, 203, 204, 205, 220, 221, 222, 232, 234, 245, 249, 250, 251, 252, 253, 254, 255, 256, 297, 652, 1017, 1708, 2958, 3133, 4872, 5891, 8755, 17044]	total_s=7.929702
2026-04-07T23:01:46Z	n=234	ok	m_lines=23104	build_s=0.113905	ilp_s=7.423138	opt=38	indices=[0, 83, 84, 85, 142, 197, 198, 199, 200, 201, 202, 203, 204, 205, 220, 221, 222, 227, 233, 234, 251, 252, 253, 254, 255, 256, 257, 297, 302, 521, 1019, 1716, 2239, 2794, 4892, 5167, 15500, 20826]	total_s=7.537139
2026-04-07T23:01:51Z	n=235	ok	m_lines=23308	build_s=0.119616	ilp_s=4.717147	opt=38	indices=[0, 84, 85, 86, 198, 199, 200, 201, 202, 203, 204, 205, 206, 221, 222, 223, 228, 234, 235, 251, 252, 253, 254, 255, 256, 257, 258, 659, 1021, 1024, 1305, 2984, 3401, 5192, 6369, 8853, 12908, 22801]	total_s=4.836874
2026-04-07T23:01:56Z	n=236	ok	m_lines=23508	build_s=0.114520	ilp_s=5.265036	opt=38	indices=[0, 85, 86, 87, 200, 201, 202, 203, 204, 205, 206, 207, 208, 223, 224, 225, 235, 236, 237, 249, 254, 255, 256, 257, 258, 259, 260, 661, 1027, 1729, 2257, 2994, 3254, 4936, 14386, 16201, 22915, 23210]	total_s=5.379669
# interrupted 2026-04-07T23:02:02Z
# batch end 2026-04-07T23:02:02Z
